# JRE version: OpenJDK Runtime Environment (17.0.7) (build 17.0.7+0-b2043.56-10550314)
# Java VM: OpenJDK 64-Bit Server VM (17.0.7+0-b2043.56-10550314, mixed mode, tiered, compressed oops, compressed class ptrs, g1 gc, windows-amd64)
GC Precious Log:
 CPUs: 4 total, 4 available
 Memory: 7975M
 Large Page Support: Disabled
 NUMA Support: Disabled
 Compressed Oops: Enabled (32-bit)
 Heap Region Size: 1M
 Heap Min Capacity: 8M
 Heap Initial Capacity: 126M
 Heap Max Capacity: 1994M
 Pre-touch: Disabled
 Parallel Workers: 4
 Concurrent Workers: 1
 Concurrent Refinement Workers: 4
 Periodic GC: Disabled
Heap:
 garbage-first heap   total 130048K, used 56530K [0x0000000083600000, 0x0000000100000000)
  region size 1024K, 4 young (4096K), 4 survivors (4096K)
 Metaspace       used 55382K, committed 55744K, reserved 1114112K
  class space    used 6591K, committed 6784K, reserved 1048576K
GC Heap History (20 events):
Event: 2.703 GC heap after
{Heap after GC invocations=13 (full 0):
 garbage-first heap   total 65536K, used 31048K [0x0000000083600000, 0x0000000100000000)
  region size 1024K, 3 young (3072K), 3 survivors (3072K)
 Metaspace       used 42730K, committed 42944K, reserved 1114112K
  class space    used 5257K, committed 5376K, reserved 1048576K
}
Event: 2.969 GC heap before
{Heap before GC invocations=13 (full 0):
 garbage-first heap   total 65536K, used 49480K [0x0000000083600000, 0x0000000100000000)
  region size 1024K, 21 young (21504K), 3 survivors (3072K)
 Metaspace       used 46959K, committed 47168K, reserved 1114112K
  class space    used 5681K, committed 5760K, reserved 1048576K
}
Event: 2.974 GC heap after
{Heap after GC invocations=14 (full 0):
 garbage-first heap   total 65536K, used 32915K [0x0000000083600000, 0x0000000100000000)
  region size 1024K, 2 young (2048K), 2 survivors (2048K)
 Metaspace       used 46959K, committed 47168K, reserved 1114112K
  class space    used 5681K, committed 5760K, reserved 1048576K
}
Event: 3.458 GC heap before
{Heap before GC invocations=14 (full 0):
 garbage-first heap   total 65536K, used 50323K [0x0000000083600000, 0x0000000100000000)
  region size 1024K, 19 young (19456K), 2 survivors (2048K)
 Metaspace       used 49340K, committed 49600K, reserved 1114112K
  class space    used 5919K, committed 6016K, reserved 1048576K
}
Event: 3.465 GC heap after
{Heap after GC invocations=15 (full 0):
 garbage-first heap   total 78848K, used 35840K [0x0000000083600000, 0x0000000100000000)
  region size 1024K, 3 young (3072K), 3 survivors (3072K)
 Metaspace       used 49340K, committed 49600K, reserved 1114112K
  class space    used 5919K, committed 6016K, reserved 1048576K
}
Event: 3.649 GC heap before
{Heap before GC invocations=16 (full 0):
 garbage-first heap   total 78848K, used 60416K [0x0000000083600000, 0x0000000100000000)
  region size 1024K, 26 young (26624K), 3 survivors (3072K)
 Metaspace       used 49709K, committed 49984K, reserved 1114112K
  class space    used 5965K, committed 6080K, reserved 1048576K
}
Event: 3.656 GC heap after
{Heap after GC invocations=17 (full 0):
 garbage-first heap   total 78848K, used 38031K [0x0000000083600000, 0x0000000100000000)
  region size 1024K, 2 young (2048K), 2 survivors (2048K)
 Metaspace       used 49709K, committed 49984K, reserved 1114112K
  class space    used 5965K, committed 6080K, reserved 1048576K
}
Event: 3.766 GC heap before
{Heap before GC invocations=17 (full 0):
 garbage-first heap   total 78848K, used 45199K [0x0000000083600000, 0x0000000100000000)
  region size 1024K, 10 young (10240K), 2 survivors (2048K)
 Metaspace       used 50757K, committed 51008K, reserved 1114112K
  class space    used 6103K, committed 6208K, reserved 1048576K
}
Event: 3.770 GC heap after
{Heap after GC invocations=18 (full 0):
 garbage-first heap   total 78848K, used 38361K [0x0000000083600000, 0x0000000100000000)
  region size 1024K, 1 young (1024K), 1 survivors (1024K)
 Metaspace       used 50757K, committed 51008K, reserved 1114112K
  class space    used 6103K, committed 6208K, reserved 1048576K
}
Event: 4.232 GC heap before
{Heap before GC invocations=19 (full 0):
 garbage-first heap   total 78848K, used 63961K [0x0000000083600000, 0x0000000100000000)
  region size 1024K, 24 young (24576K), 1 survivors (1024K)
 Metaspace       used 53839K, committed 54144K, reserved 1114112K
  class space    used 6448K, committed 6592K, reserved 1048576K
}
Event: 4.239 GC heap after
{Heap after GC invocations=20 (full 0):
 garbage-first heap   total 78848K, used 43573K [0x0000000083600000, 0x0000000100000000)
  region size 1024K, 3 young (3072K), 3 survivors (3072K)
 Metaspace       used 53839K, committed 54144K, reserved 1114112K
  class space    used 6448K, committed 6592K, reserved 1048576K
}
Event: 4.666 GC heap before
{Heap before GC invocations=20 (full 0):
 garbage-first heap   total 78848K, used 63029K [0x0000000083600000, 0x0000000100000000)
  region size 1024K, 22 young (22528K), 3 survivors (3072K)
 Metaspace       used 55378K, committed 55744K, reserved 1114112K
  class space    used 6591K, committed 6784K, reserved 1048576K
}
Event: 4.673 GC heap after
{Heap after GC invocations=21 (full 0):
 garbage-first heap   total 78848K, used 46786K [0x0000000083600000, 0x0000000100000000)
  region size 1024K, 3 young (3072K), 3 survivors (3072K)
 Metaspace       used 55378K, committed 55744K, reserved 1114112K
  class space    used 6591K, committed 6784K, reserved 1048576K
}
Event: 5.026 GC heap before
{Heap before GC invocations=22 (full 0):
 garbage-first heap   total 87040K, used 65218K [0x0000000083600000, 0x0000000100000000)
  region size 1024K, 19 young (19456K), 3 survivors (3072K)
 Metaspace       used 55378K, committed 55744K, reserved 1114112K
  class space    used 6591K, committed 6784K, reserved 1048576K
}
Event: 5.031 GC heap after
{Heap after GC invocations=23 (full 0):
 garbage-first heap   total 87040K, used 50360K [0x0000000083600000, 0x0000000100000000)
  region size 1024K, 2 young (2048K), 2 survivors (2048K)
 Metaspace       used 55378K, committed 55744K, reserved 1114112K
  class space    used 6591K, committed 6784K, reserved 1048576K
}
Event: 5.201 GC heap before
{Heap before GC invocations=23 (full 0):
 garbage-first heap   total 87040K, used 69816K [0x0000000083600000, 0x0000000100000000)
  region size 1024K, 21 young (21504K), 2 survivors (2048K)
 Metaspace       used 55378K, committed 55744K, reserved 1114112K
  class space    used 6591K, committed 6784K, reserved 1048576K
}
Event: 5.204 GC heap after
{Heap after GC invocations=24 (full 0):
 garbage-first heap   total 87040K, used 51856K [0x0000000083600000, 0x0000000100000000)
  region size 1024K, 3 young (3072K), 3 survivors (3072K)
 Metaspace       used 55378K, committed 55744K, reserved 1114112K
  class space    used 6591K, committed 6784K, reserved 1048576K
}
Event: 5.302 GC heap before
{Heap before GC invocations=25 (full 0):
 garbage-first heap   total 104448K, used 70288K [0x0000000083600000, 0x0000000100000000)
  region size 1024K, 21 young (21504K), 3 survivors (3072K)
 Metaspace       used 55378K, committed 55744K, reserved 1114112K
  class space    used 6591K, committed 6784K, reserved 1048576K
}
Event: 5.307 GC heap after
{Heap after GC invocations=26 (full 0):
 garbage-first heap   total 104448K, used 53248K [0x0000000083600000, 0x0000000100000000)
  region size 1024K, 3 young (3072K), 3 survivors (3072K)
 Metaspace       used 55378K, committed 55744K, reserved 1114112K
  class space    used 6591K, committed 6784K, reserved 1048576K
}
Event: 5.357 GC heap before
{Heap before GC invocations=26 (full 0):
 garbage-first heap   total 104448K, used 82944K [0x0000000083600000, 0x0000000100000000)
  region size 1024K, 32 young (32768K), 3 survivors (3072K)
 Metaspace       used 55382K, committed 55744K, reserved 1114112K
  class space    used 6591K, committed 6784K, reserved 1048576K
}

