# JRE version: OpenJDK Runtime Environment (17.0.7) (build 17.0.7+0-b2043.56-10550314)
# Java VM: OpenJDK 64-Bit Server VM (17.0.7+0-b2043.56-10550314, mixed mode, tiered, compressed oops, compressed class ptrs, g1 gc, windows-amd64)
GC Precious Log:
 CPUs: 4 total, 4 available
 Memory: 7975M
 Large Page Support: Disabled
 NUMA Support: Disabled
 Compressed Oops: Enabled (32-bit)
 Heap Region Size: 1M
 Heap Min Capacity: 8M
 Heap Initial Capacity: 126M
 Heap Max Capacity: 1994M
 Pre-touch: Disabled
 Parallel Workers: 4
 Concurrent Workers: 1
 Concurrent Refinement Workers: 4
 Periodic GC: Disabled
Heap:
 garbage-first heap   total 188416K, used 98721K [0x0000000083600000, 0x0000000100000000)
  region size 1024K, 24 young (24576K), 10 survivors (10240K)
 Metaspace       used 63296K, committed 63680K, reserved 1114112K
  class space    used 7457K, committed 7616K, reserved 1048576K
GC Heap History (20 events):
Event: 5.114 GC heap before
{Heap before GC invocations=15 (full 0):
 garbage-first heap   total 89088K, used 70483K [0x0000000083600000, 0x0000000100000000)
  region size 1024K, 31 young (31744K), 1 survivors (1024K)
 Metaspace       used 54106K, committed 54400K, reserved 1114112K
  class space    used 6453K, committed 6592K, reserved 1048576K
}
Event: 5.122 GC heap after
{Heap after GC invocations=16 (full 0):
 garbage-first heap   total 89088K, used 44229K [0x0000000083600000, 0x0000000100000000)
  region size 1024K, 4 young (4096K), 4 survivors (4096K)
 Metaspace       used 54106K, committed 54400K, reserved 1114112K
  class space    used 6453K, committed 6592K, reserved 1048576K
}
Event: 5.290 GC heap before
{Heap before GC invocations=16 (full 0):
 garbage-first heap   total 89088K, used 54469K [0x0000000083600000, 0x0000000100000000)
  region size 1024K, 16 young (16384K), 4 survivors (4096K)
 Metaspace       used 55557K, committed 55808K, reserved 1114112K
  class space    used 6596K, committed 6720K, reserved 1048576K
}
Event: 5.299 GC heap after
{Heap after GC invocations=17 (full 0):
 garbage-first heap   total 89088K, used 46539K [0x0000000083600000, 0x0000000100000000)
  region size 1024K, 2 young (2048K), 2 survivors (2048K)
 Metaspace       used 55557K, committed 55808K, reserved 1114112K
  class space    used 6596K, committed 6720K, reserved 1048576K
}
Event: 5.456 GC heap before
{Heap before GC invocations=18 (full 0):
 garbage-first heap   total 92160K, used 71115K [0x0000000083600000, 0x0000000100000000)
  region size 1024K, 24 young (24576K), 2 survivors (2048K)
 Metaspace       used 55566K, committed 55808K, reserved 1114112K
  class space    used 6597K, committed 6720K, reserved 1048576K
}
Event: 5.461 GC heap after
{Heap after GC invocations=19 (full 0):
 garbage-first heap   total 92160K, used 50746K [0x0000000083600000, 0x0000000100000000)
  region size 1024K, 2 young (2048K), 2 survivors (2048K)
 Metaspace       used 55566K, committed 55808K, reserved 1114112K
  class space    used 6597K, committed 6720K, reserved 1048576K
}
Event: 5.588 GC heap before
{Heap before GC invocations=19 (full 0):
 garbage-first heap   total 92160K, used 73274K [0x0000000083600000, 0x0000000100000000)
  region size 1024K, 24 young (24576K), 2 survivors (2048K)
 Metaspace       used 55566K, committed 55808K, reserved 1114112K
  class space    used 6597K, committed 6720K, reserved 1048576K
}
Event: 5.592 GC heap after
{Heap after GC invocations=20 (full 0):
 garbage-first heap   total 92160K, used 52356K [0x0000000083600000, 0x0000000100000000)
  region size 1024K, 2 young (2048K), 2 survivors (2048K)
 Metaspace       used 55566K, committed 55808K, reserved 1114112K
  class space    used 6597K, committed 6720K, reserved 1048576K
}
Event: 5.726 GC heap before
{Heap before GC invocations=21 (full 0):
 garbage-first heap   total 107520K, used 73860K [0x0000000083600000, 0x0000000100000000)
  region size 1024K, 23 young (23552K), 2 survivors (2048K)
 Metaspace       used 55566K, committed 55808K, reserved 1114112K
  class space    used 6597K, committed 6720K, reserved 1048576K
}
Event: 5.732 GC heap after
{Heap after GC invocations=22 (full 0):
 garbage-first heap   total 107520K, used 54982K [0x0000000083600000, 0x0000000100000000)
  region size 1024K, 3 young (3072K), 3 survivors (3072K)
 Metaspace       used 55566K, committed 55808K, reserved 1114112K
  class space    used 6597K, committed 6720K, reserved 1048576K
}
Event: 5.794 GC heap before
{Heap before GC invocations=22 (full 0):
 garbage-first heap   total 107520K, used 84678K [0x0000000083600000, 0x0000000100000000)
  region size 1024K, 32 young (32768K), 3 survivors (3072K)
 Metaspace       used 55566K, committed 55808K, reserved 1114112K
  class space    used 6597K, committed 6720K, reserved 1048576K
}
Event: 5.803 GC heap after
{Heap after GC invocations=23 (full 0):
 garbage-first heap   total 188416K, used 58636K [0x0000000083600000, 0x0000000100000000)
  region size 1024K, 4 young (4096K), 4 survivors (4096K)
 Metaspace       used 55566K, committed 55808K, reserved 1114112K
  class space    used 6597K, committed 6720K, reserved 1048576K
}
Event: 6.375 GC heap before
{Heap before GC invocations=24 (full 0):
 garbage-first heap   total 188416K, used 139532K [0x0000000083600000, 0x0000000100000000)
  region size 1024K, 83 young (84992K), 4 survivors (4096K)
 Metaspace       used 55605K, committed 55936K, reserved 1114112K
  class space    used 6598K, committed 6720K, reserved 1048576K
}
Event: 6.389 GC heap after
{Heap after GC invocations=25 (full 0):
 garbage-first heap   total 188416K, used 66866K [0x0000000083600000, 0x0000000100000000)
  region size 1024K, 11 young (11264K), 11 survivors (11264K)
 Metaspace       used 55605K, committed 55936K, reserved 1114112K
  class space    used 6598K, committed 6720K, reserved 1048576K
}
Event: 6.391 GC heap before
{Heap before GC invocations=25 (full 0):
 garbage-first heap   total 188416K, used 67890K [0x0000000083600000, 0x0000000100000000)
  region size 1024K, 12 young (12288K), 11 survivors (11264K)
 Metaspace       used 55605K, committed 55936K, reserved 1114112K
  class space    used 6598K, committed 6720K, reserved 1048576K
}
Event: 6.399 GC heap after
{Heap after GC invocations=26 (full 0):
 garbage-first heap   total 188416K, used 67291K [0x0000000083600000, 0x0000000100000000)
  region size 1024K, 1 young (1024K), 1 survivors (1024K)
 Metaspace       used 55605K, committed 55936K, reserved 1114112K
  class space    used 6598K, committed 6720K, reserved 1048576K
}
Event: 7.489 GC heap before
{Heap before GC invocations=26 (full 0):
 garbage-first heap   total 188416K, used 139995K [0x0000000083600000, 0x0000000100000000)
  region size 1024K, 72 young (73728K), 1 survivors (1024K)
 Metaspace       used 58431K, committed 58688K, reserved 1114112K
  class space    used 6933K, committed 7040K, reserved 1048576K
}
Event: 7.500 GC heap after
{Heap after GC invocations=27 (full 0):
 garbage-first heap   total 188416K, used 77245K [0x0000000083600000, 0x0000000100000000)
  region size 1024K, 9 young (9216K), 9 survivors (9216K)
 Metaspace       used 58431K, committed 58688K, reserved 1114112K
  class space    used 6933K, committed 7040K, reserved 1048576K
}
Event: 8.976 GC heap before
{Heap before GC invocations=27 (full 0):
 garbage-first heap   total 188416K, used 143805K [0x0000000083600000, 0x0000000100000000)
  region size 1024K, 74 young (75776K), 9 survivors (9216K)
 Metaspace       used 62702K, committed 63040K, reserved 1114112K
  class space    used 7396K, committed 7552K, reserved 1048576K
}
Event: 8.991 GC heap after
{Heap after GC invocations=28 (full 0):
 garbage-first heap   total 188416K, used 85409K [0x0000000083600000, 0x0000000100000000)
  region size 1024K, 10 young (10240K), 10 survivors (10240K)
 Metaspace       used 62702K, committed 63040K, reserved 1114112K
  class space    used 7396K, committed 7552K, reserved 1048576K
}

